Log file open, 05/18/22 12:53:07
LogWindows: Failed to load 'aqProf.dll' (GetLastError=126)
LogWindows: File 'aqProf.dll' does not exist
LogWindows: Failed to load 'VtuneApi.dll' (GetLastError=126)
LogWindows: File 'VtuneApi.dll' does not exist
LogWindows: Failed to load 'VtuneApi32e.dll' (GetLastError=126)
LogWindows: File 'VtuneApi32e.dll' does not exist
LogConsoleResponse: Display: Failed to find resolution value strings in scalability ini. Falling back to default.
LogConsoleResponse: Display: Failed to find resolution value strings in scalability ini. Falling back to default.
LogInit: Display: Running engine for game: CrossyRoad
LogPlatformFile: Not using cached read wrapper
LogTaskGraph: Started task graph with 5 named threads and 23 total threads with 3 sets of task threads.
LogStats: Stats thread started at 0.303868
LogICUInternationalization: ICU TimeZone Detection - Raw Offset: -8:00, Platform Override: ''
LogInit: Display: Loading text-based GConfig....
LogPluginManager: Mounting plugin MeshPainting
LogPluginManager: Mounting plugin XGEController
LogPluginManager: Mounting plugin Paper2D
LogPluginManager: Mounting plugin LiveLink
LogPluginManager: Mounting plugin LightPropagationVolume
LogPluginManager: Mounting plugin CameraShakePreviewer
LogPluginManager: Mounting plugin OodleData
LogPluginManager: Mounting plugin GameplayCameras
LogPluginManager: Mounting plugin AnimationSharing
LogPluginManager: Mounting plugin OodleNetwork
LogPluginManager: Mounting plugin CLionSourceCodeAccess
LogPluginManager: Mounting plugin CodeLiteSourceCodeAccess
LogPluginManager: Mounting plugin GitSourceControl
LogPluginManager: Mounting plugin KDevelopSourceCodeAccess
LogPluginManager: Mounting plugin NullSourceCodeAccess
LogPluginManager: Mounting plugin PlasticSourceControl
LogPluginManager: Mounting plugin PerforceSourceControl
LogPluginManager: Mounting plugin PixWinPlugin
LogPluginManager: Mounting plugin PropertyAccessNode
LogPluginManager: Mounting plugin PluginUtils
LogPluginManager: Mounting plugin TextureFormatOodle
LogPluginManager: Mounting plugin SubversionSourceControl
LogPluginManager: Mounting plugin UObjectPlugin
LogPluginManager: Mounting plugin RiderSourceCodeAccess
LogPluginManager: Mounting plugin VisualStudioCodeSourceCodeAccess
LogPluginManager: Mounting plugin XCodeSourceCodeAccess
LogPluginManager: Mounting plugin VisualStudioSourceCodeAccess
LogPluginManager: Mounting plugin AssetManagerEditor
LogPluginManager: Mounting plugin DatasmithContent
LogPluginManager: Mounting plugin VariantManagerContent
LogPluginManager: Mounting plugin Niagara
LogPluginManager: Mounting plugin CryptoKeys
LogPluginManager: Mounting plugin CurveEditorTools
LogPluginManager: Mounting plugin DataValidation
LogPluginManager: Mounting plugin FacialAnimation
LogPluginManager: Mounting plugin GameplayTagsEditor
LogPluginManager: Mounting plugin GeometryMode
LogPluginManager: Mounting plugin MacGraphicsSwitching
LogPluginManager: Mounting plugin MaterialAnalyzer
LogPluginManager: Mounting plugin MobileLauncherProfileWizard
LogPluginManager: Mounting plugin PluginBrowser
LogPluginManager: Mounting plugin SpeedTreeImporter
LogPluginManager: Mounting plugin AlembicImporter
LogPluginManager: Mounting plugin AutomationUtils
LogPluginManager: Mounting plugin BackChannel
LogPluginManager: Mounting plugin ChaosCloth
LogPluginManager: Mounting plugin ChaosEditor
LogPluginManager: Mounting plugin ChaosClothEditor
LogPluginManager: Mounting plugin ChaosNiagara
LogPluginManager: Mounting plugin ChaosSolverPlugin
LogPluginManager: Mounting plugin CharacterAI
LogPluginManager: Mounting plugin GeometryCache
LogPluginManager: Mounting plugin GeometryCollectionPlugin
LogPluginManager: Mounting plugin GeometryProcessing
LogPluginManager: Mounting plugin MotoSynth
LogPluginManager: Mounting plugin OpenImageDenoise
LogPluginManager: Mounting plugin PlatformCrypto
LogPluginManager: Mounting plugin ProxyLODPlugin
LogPluginManager: Mounting plugin PythonScriptPlugin
LogPluginManager: Mounting plugin PlanarCut
LogPluginManager: Mounting plugin SkeletalReduction
LogPluginManager: Mounting plugin LuminPlatformFeatures
LogPluginManager: Mounting plugin MagicLeap
LogPluginManager: Mounting plugin MagicLeapLightEstimation
LogPluginManager: Mounting plugin MagicLeapMedia
LogPluginManager: Mounting plugin MagicLeapPassableWorld
LogPluginManager: Mounting plugin MLSDK
LogPluginManager: Mounting plugin AndroidMedia
LogPluginManager: Mounting plugin AvfMedia
LogPluginManager: Mounting plugin ImgMedia
LogPluginManager: Mounting plugin MediaCompositing
LogPluginManager: Mounting plugin MediaPlayerEditor
LogPluginManager: Mounting plugin WebMMedia
LogPluginManager: Mounting plugin WmfMedia
LogPluginManager: Mounting plugin TcpMessaging
LogPluginManager: Mounting plugin UdpMessaging
LogPluginManager: Mounting plugin ActorSequence
LogPluginManager: Mounting plugin LevelSequenceEditor
LogPluginManager: Mounting plugin MatineeToLevelSequence
LogPluginManager: Mounting plugin TemplateSequence
LogPluginManager: Mounting plugin OnlineSubsystem
LogPluginManager: Mounting plugin OnlineSubsystemNull
LogPluginManager: Mounting plugin OnlineSubsystemUtils
LogPluginManager: Mounting plugin ActorLayerUtilities
LogPluginManager: Mounting plugin AndroidDeviceProfileSelector
LogPluginManager: Mounting plugin AndroidMoviePlayer
LogPluginManager: Mounting plugin AndroidPermission
LogPluginManager: Mounting plugin AppleImageUtils
LogPluginManager: Mounting plugin AppleMoviePlayer
LogPluginManager: Mounting plugin ArchVisCharacter
LogPluginManager: Mounting plugin AssetTags
LogPluginManager: Mounting plugin ChunkDownloader
LogPluginManager: Mounting plugin AudioSynesthesia
LogPluginManager: Mounting plugin CableComponent
LogPluginManager: Mounting plugin AudioCapture
LogPluginManager: Mounting plugin CustomMeshComponent
LogPluginManager: Mounting plugin EditableMesh
LogPluginManager: Mounting plugin ExampleDeviceProfileSelector
LogPluginManager: Mounting plugin LauncherChunkInstaller
LogPluginManager: Mounting plugin GoogleCloudMessaging
LogPluginManager: Mounting plugin GooglePAD
LogPluginManager: Mounting plugin IOSDeviceProfileSelector
LogPluginManager: Mounting plugin LinuxDeviceProfileSelector
LogPluginManager: Mounting plugin LocationServicesBPLibrary
LogPluginManager: Mounting plugin MobilePatchingUtils
LogPluginManager: Mounting plugin OpenXR
LogPluginManager: Mounting plugin OpenXREyeTracker
LogPluginManager: Mounting plugin OpenXRHandTracking
LogPluginManager: Mounting plugin PhysXVehicles
LogPluginManager: Mounting plugin PostSplashScreen
LogPluginManager: Mounting plugin PropertyAccessEditor
LogPluginManager: Mounting plugin ProceduralMeshComponent
LogPluginManager: Mounting plugin RuntimePhysXCooking
LogPluginManager: Mounting plugin SignificanceManager
LogPluginManager: Mounting plugin SoundFields
LogPluginManager: Mounting plugin Synthesis
LogPluginManager: Mounting plugin WebMMoviePlayer
LogPluginManager: Mounting plugin WindowsMoviePlayer
LogPluginManager: Mounting plugin Takes
LogPluginManager: Mounting plugin AISupport
LogPluginManager: Mounting plugin ScreenshotTools
LogPluginManager: Mounting plugin EnvironmentQueryEditor
LogPluginManager: Mounting plugin ContentBrowserAssetDataSource
LogPluginManager: Mounting plugin ContentBrowserClassDataSource
LogPluginManager: Mounting plugin ContentBrowserFileDataSource
LogPluginManager: Mounting plugin OnlineSubsystemIOS
LogPluginManager: Mounting plugin OnlineSubsystemGooglePlay
LogPluginManager: Mounting plugin OculusVR
LogPluginManager: Mounting plugin SteamVR
PixWinPlugin: PIX capture plugin failed to initialize! Check that the process is launched from PIX.
LogInit: Using libcurl 7.55.1-DEV
LogInit:  - built for x86_64-pc-win32
LogInit:  - supports SSL with OpenSSL/1.1.1
LogInit:  - supports HTTP deflate (compression) using libz 1.2.8
LogInit:  - other features:
LogInit:      CURL_VERSION_SSL
LogInit:      CURL_VERSION_LIBZ
LogInit:      CURL_VERSION_IPV6
LogInit:      CURL_VERSION_ASYNCHDNS
LogInit:      CURL_VERSION_LARGEFILE
LogInit:      CURL_VERSION_IDN
LogInit:  CurlRequestOptions (configurable via config and command line):
LogInit:  - bVerifyPeer = true  - Libcurl will verify peer certificate
LogInit:  - bUseHttpProxy = false  - Libcurl will NOT use HTTP proxy
LogInit:  - bDontReuseConnections = false  - Libcurl will reuse connections
LogInit:  - MaxHostConnections = 16  - Libcurl will limit the number of connections to a host
LogInit:  - LocalHostAddr = Default
LogInit:  - BufferSize = 65536
LogOnline: OSS: Creating online subsystem instance for: NULL
LogInit: WinSock: version 1.1 (2.2), MaxSocks=32767, MaxUdp=65467
LogOnline: OSS: TryLoadSubsystemAndSetDefault: Loaded subsystem for module [NULL]
LogOculusPluginWrapper: OculusPlugin initialized successfully
LogHMD: Failed initializing OVRPlugin 1.59.0
LogInit: Build: ++UE4+Release-4.27-CL-18319896
LogInit: Engine Version: 4.27.2-18319896+++UE4+Release-4.27
LogInit: Compatible Engine Version: 4.27.0-17155196+++UE4+Release-4.27
LogInit: Net CL: 17155196
LogInit: OS: Windows 10 (Release 2009) (), CPU: Intel(R) Core(TM) i7-7700 CPU @ 3.60GHz, GPU: NVIDIA GeForce GTX 1060 3GB
LogInit: Compiled (64-bit): Nov 30 2021 07:12:08
LogInit: Compiled with Visual C++: 19.24.28315.00
LogInit: Build Configuration: Development
LogInit: Branch Name: ++UE4+Release-4.27
LogInit: Command Line:  /Game/CrossyRoad -game -PIEVIACONSOLE -Multiprocess "GameUserSettingsINI=C:/Users/destr/Desktop/New folder (7)/Crossy-Road-master 4.27/Saved/Config/Windows/PIEGameUserSettings0.ini" -MultiprocessSaveConfig -forcepassthrough -messaging -SessionName="Play in Standalone Game" -windowed -ResX=1280 -ResY=720
LogInit: Base Directory: E:/Program Files (x86)/Epic Games/UE_4.27/Engine/Binaries/Win64/
LogInit: Allocator: TBB
LogInit: Installed Engine Build: 1
LogDevObjectVersion: Number of dev versions registered: 29
LogDevObjectVersion:   Dev-Blueprints (B0D832E4-1F89-4F0D-ACCF-7EB736FD4AA2): 10
LogDevObjectVersion:   Dev-Build (E1C64328-A22C-4D53-A36C-8E866417BD8C): 0
LogDevObjectVersion:   Dev-Core (375EC13C-06E4-48FB-B500-84F0262A717E): 4
LogDevObjectVersion:   Dev-Editor (E4B068ED-F494-42E9-A231-DA0B2E46BB41): 40
LogDevObjectVersion:   Dev-Framework (CFFC743F-43B0-4480-9391-14DF171D2073): 37
LogDevObjectVersion:   Dev-Mobile (B02B49B5-BB20-44E9-A304-32B752E40360): 3
LogDevObjectVersion:   Dev-Networking (A4E4105C-59A1-49B5-A7C5-40C4547EDFEE): 0
LogDevObjectVersion:   Dev-Online (39C831C9-5AE6-47DC-9A44-9C173E1C8E7C): 0
LogDevObjectVersion:   Dev-Physics (78F01B33-EBEA-4F98-B9B4-84EACCB95AA2): 14
LogDevObjectVersion:   Dev-Platform (6631380F-2D4D-43E0-8009-CF276956A95A): 0
LogDevObjectVersion:   Dev-Rendering (12F88B9F-8875-4AFC-A67C-D90C383ABD29): 45
LogDevObjectVersion:   Dev-Sequencer (7B5AE74C-D270-4C10-A958-57980B212A5A): 13
LogDevObjectVersion:   Dev-VR (D7296918-1DD6-4BDD-9DE2-64A83CC13884): 3
LogDevObjectVersion:   Dev-LoadTimes (C2A15278-BFE7-4AFE-6C17-90FF531DF755): 1
LogDevObjectVersion:   Private-Geometry (6EACA3D4-40EC-4CC1-B786-8BED09428FC5): 3
LogDevObjectVersion:   Dev-AnimPhys (29E575DD-E0A3-4627-9D10-D276232CDCEA): 17
LogDevObjectVersion:   Dev-Anim (AF43A65D-7FD3-4947-9873-3E8ED9C1BB05): 15
LogDevObjectVersion:   Dev-ReflectionCapture (6B266CEC-1EC7-4B8F-A30B-E4D90942FC07): 1
LogDevObjectVersion:   Dev-Automation (0DF73D61-A23F-47EA-B727-89E90C41499A): 1
LogDevObjectVersion:   FortniteMain (601D1886-AC64-4F84-AA16-D3DE0DEAC7D6): 47
LogDevObjectVersion:   FortniteRelease (E7086368-6B23-4C58-8439-1B7016265E91): 1
LogDevObjectVersion:   Dev-Enterprise (9DFFBCD6-494F-0158-E221-12823C92A888): 10
LogDevObjectVersion:   Dev-Niagara (F2AED0AC-9AFE-416F-8664-AA7FFA26D6FC): 1
LogDevObjectVersion:   Dev-Destruction (174F1F0B-B4C6-45A5-B13F-2EE8D0FB917D): 10
LogDevObjectVersion:   Dev-Physics-Ext (35F94A83-E258-406C-A318-09F59610247C): 41
LogDevObjectVersion:   Dev-PhysicsMaterial-Chaos (B68FC16E-8B1B-42E2-B453-215C058844FE): 1
LogDevObjectVersion:   Dev-CineCamera (B2E18506-4273-CFC2-A54E-F4BB758BBA07): 1
LogDevObjectVersion:   Dev-VirtualProduction (64F58936-FD1B-42BA-BA96-7289D5D0FA4E): 1
LogDevObjectVersion:   Dev-MediaFramework (6F0ED827-A609-4895-9C91-998D90180EA4): 2
LogInit: Presizing for max 25165824 objects, including 0 objects not considered by GC, pre-allocating 0 bytes for permanent pool.
LogConfig: Applying CVar settings from Section [/Script/Engine.StreamingSettings] File [C:/Users/destr/Desktop/New folder (7)/Crossy-Road-master 4.27/Saved/Config/Windows/Engine.ini]
LogConfig: Setting CVar [[s.MinBulkDataSizeForAsyncLoading:131072]]
LogConfig: Setting CVar [[s.AsyncLoadingThreadEnabled:0]]
LogConfig: Setting CVar [[s.EventDrivenLoaderEnabled:1]]
LogConfig: Setting CVar [[s.WarnIfTimeLimitExceeded:0]]
LogConfig: Setting CVar [[s.TimeLimitExceededMultiplier:1.5]]
LogConfig: Setting CVar [[s.TimeLimitExceededMinTime:0.005]]
LogConfig: Setting CVar [[s.UseBackgroundLevelStreaming:1]]
LogConfig: Setting CVar [[s.PriorityAsyncLoadingExtraTime:15.0]]
LogConfig: Setting CVar [[s.LevelStreamingActorsUpdateTimeLimit:5.0]]
LogConfig: Setting CVar [[s.PriorityLevelStreamingActorsUpdateExtraTime:5.0]]
LogConfig: Setting CVar [[s.LevelStreamingComponentsRegistrationGranularity:10]]
LogConfig: Setting CVar [[s.UnregisterComponentsTimeLimit:1.0]]
LogConfig: Setting CVar [[s.LevelStreamingComponentsUnregistrationGranularity:5]]
LogConfig: Setting CVar [[s.FlushStreamingOnExit:1]]
LogInit: Object subsystem initialized
LogConfig: Setting CVar [[con.DebugEarlyDefault:1]]
LogConfig: Setting CVar [[r.setres:1280x720]]
[2022.05.18-19.53.08:243][  0]LogConfig: Setting CVar [[con.DebugEarlyDefault:1]]
[2022.05.18-19.53.08:243][  0]LogConfig: Setting CVar [[r.setres:1280x720]]
[2022.05.18-19.53.08:243][  0]LogConfig: Applying CVar settings from Section [/Script/Engine.RendererSettings] File [C:/Users/destr/Desktop/New folder (7)/Crossy-Road-master 4.27/Saved/Config/Windows/Engine.ini]
[2022.05.18-19.53.08:243][  0]LogConfig: Setting CVar [[r.GPUCrashDebugging:0]]
[2022.05.18-19.53.08:243][  0]LogConfig: Applying CVar settings from Section [/Script/Engine.RendererOverrideSettings] File [C:/Users/destr/Desktop/New folder (7)/Crossy-Road-master 4.27/Saved/Config/Windows/Engine.ini]
[2022.05.18-19.53.08:243][  0]LogConfig: Applying CVar settings from Section [/Script/Engine.StreamingSettings] File [C:/Users/destr/Desktop/New folder (7)/Crossy-Road-master 4.27/Saved/Config/Windows/Engine.ini]
[2022.05.18-19.53.08:243][  0]LogConfig: Setting CVar [[s.MinBulkDataSizeForAsyncLoading:131072]]
[2022.05.18-19.53.08:243][  0]LogConfig: Setting CVar [[s.AsyncLoadingThreadEnabled:0]]
[2022.05.18-19.53.08:243][  0]LogConfig: Setting CVar [[s.EventDrivenLoaderEnabled:1]]
[2022.05.18-19.53.08:243][  0]LogConfig: Setting CVar [[s.WarnIfTimeLimitExceeded:0]]
[2022.05.18-19.53.08:243][  0]LogConfig: Setting CVar [[s.TimeLimitExceededMultiplier:1.5]]
[2022.05.18-19.53.08:243][  0]LogConfig: Setting CVar [[s.TimeLimitExceededMinTime:0.005]]
[2022.05.18-19.53.08:243][  0]LogConfig: Setting CVar [[s.UseBackgroundLevelStreaming:1]]
[2022.05.18-19.53.08:243][  0]LogConfig: Setting CVar [[s.PriorityAsyncLoadingExtraTime:15.0]]
[2022.05.18-19.53.08:243][  0]LogConfig: Setting CVar [[s.LevelStreamingActorsUpdateTimeLimit:5.0]]
[2022.05.18-19.53.08:243][  0]LogConfig: Setting CVar [[s.PriorityLevelStreamingActorsUpdateExtraTime:5.0]]
[2022.05.18-19.53.08:243][  0]LogConfig: Setting CVar [[s.LevelStreamingComponentsRegistrationGranularity:10]]
[2022.05.18-19.53.08:243][  0]LogConfig: Setting CVar [[s.UnregisterComponentsTimeLimit:1.0]]
[2022.05.18-19.53.08:243][  0]LogConfig: Setting CVar [[s.LevelStreamingComponentsUnregistrationGranularity:5]]
[2022.05.18-19.53.08:243][  0]LogConfig: Setting CVar [[s.FlushStreamingOnExit:1]]
[2022.05.18-19.53.08:243][  0]LogConfig: Applying CVar settings from Section [/Script/Engine.GarbageCollectionSettings] File [C:/Users/destr/Desktop/New folder (7)/Crossy-Road-master 4.27/Saved/Config/Windows/Engine.ini]
[2022.05.18-19.53.08:243][  0]LogConfig: Setting CVar [[gc.MaxObjectsNotConsideredByGC:1]]
[2022.05.18-19.53.08:243][  0]LogConfig: Setting CVar [[gc.SizeOfPermanentObjectPool:0]]
[2022.05.18-19.53.08:243][  0]LogConfig: Setting CVar [[gc.FlushStreamingOnGC:0]]
[2022.05.18-19.53.08:243][  0]LogConfig: Setting CVar [[gc.NumRetriesBeforeForcingGC:10]]
[2022.05.18-19.53.08:244][  0]LogConfig: Setting CVar [[gc.AllowParallelGC:1]]
[2022.05.18-19.53.08:244][  0]LogConfig: Setting CVar [[gc.TimeBetweenPurgingPendingKillObjects:61.1]]
[2022.05.18-19.53.08:244][  0]LogConfig: Setting CVar [[gc.MaxObjectsInEditor:25165824]]
[2022.05.18-19.53.08:244][  0]LogConfig: Setting CVar [[gc.IncrementalBeginDestroyEnabled:1]]
[2022.05.18-19.53.08:244][  0]LogConfig: Setting CVar [[gc.CreateGCClusters:1]]
[2022.05.18-19.53.08:244][  0]LogConfig: Setting CVar [[gc.MinGCClusterSize:5]]
[2022.05.18-19.53.08:244][  0]LogConfig: Setting CVar [[gc.ActorClusteringEnabled:0]]
[2022.05.18-19.53.08:244][  0]LogConfig: Setting CVar [[gc.BlueprintClusteringEnabled:0]]
[2022.05.18-19.53.08:244][  0]LogConfig: Setting CVar [[gc.UseDisregardForGCOnDedicatedServers:0]]
[2022.05.18-19.53.08:244][  0]LogConfig: Setting CVar [[gc.MultithreadedDestructionEnabled:1]]
[2022.05.18-19.53.08:244][  0]LogConfig: Applying CVar settings from Section [/Script/Engine.NetworkSettings] File [C:/Users/destr/Desktop/New folder (7)/Crossy-Road-master 4.27/Saved/Config/Windows/Engine.ini]
[2022.05.18-19.53.08:244][  0]LogConfig: Applying CVar settings from Section [/Script/UnrealEd.CookerSettings] File [C:/Users/destr/Desktop/New folder (7)/Crossy-Road-master 4.27/Saved/Config/Windows/Engine.ini]
[2022.05.18-19.53.08:263][  0]LogConfig: Applying CVar settings from Section [ViewDistanceQuality@3] File [C:/Users/destr/Desktop/New folder (7)/Crossy-Road-master 4.27/Saved/Config/Windows/Scalability.ini]
[2022.05.18-19.53.08:263][  0]LogConfig: Setting CVar [[r.SkeletalMeshLODBias:0]]
[2022.05.18-19.53.08:263][  0]LogConfig: Setting CVar [[r.ViewDistanceScale:1.0]]
[2022.05.18-19.53.08:263][  0]LogConfig: Applying CVar settings from Section [AntiAliasingQuality@3] File [C:/Users/destr/Desktop/New folder (7)/Crossy-Road-master 4.27/Saved/Config/Windows/Scalability.ini]
[2022.05.18-19.53.08:263][  0]LogConfig: Setting CVar [[r.PostProcessAAQuality:4]]
[2022.05.18-19.53.08:263][  0]LogConfig: Applying CVar settings from Section [ShadowQuality@3] File [C:/Users/destr/Desktop/New folder (7)/Crossy-Road-master 4.27/Saved/Config/Windows/Scalability.ini]
[2022.05.18-19.53.08:263][  0]LogConfig: Setting CVar [[r.LightFunctionQuality:1]]
[2022.05.18-19.53.08:263][  0]LogConfig: Setting CVar [[r.ShadowQuality:5]]
[2022.05.18-19.53.08:263][  0]LogConfig: Setting CVar [[r.Shadow.CSM.MaxCascades:10]]
[2022.05.18-19.53.08:263][  0]LogConfig: Setting CVar [[r.Shadow.MaxResolution:2048]]
[2022.05.18-19.53.08:263][  0]LogConfig: Setting CVar [[r.Shadow.MaxCSMResolution:2048]]
[2022.05.18-19.53.08:263][  0]LogConfig: Setting CVar [[r.Shadow.RadiusThreshold:0.01]]
[2022.05.18-19.53.08:263][  0]LogConfig: Setting CVar [[r.Shadow.DistanceScale:1.0]]
[2022.05.18-19.53.08:263][  0]LogConfig: Setting CVar [[r.Shadow.CSM.TransitionScale:1.0]]
[2022.05.18-19.53.08:263][  0]LogConfig: Setting CVar [[r.Shadow.PreShadowResolutionFactor:1.0]]
[2022.05.18-19.53.08:263][  0]LogConfig: Setting CVar [[r.DistanceFieldShadowing:1]]
[2022.05.18-19.53.08:263][  0]LogConfig: Setting CVar [[r.DistanceFieldAO:1]]
[2022.05.18-19.53.08:263][  0]LogConfig: Setting CVar [[r.AOQuality:2]]
[2022.05.18-19.53.08:263][  0]LogConfig: Setting CVar [[r.VolumetricFog:1]]
[2022.05.18-19.53.08:263][  0]LogConfig: Setting CVar [[r.VolumetricFog.GridPixelSize:8]]
[2022.05.18-19.53.08:263][  0]LogConfig: Setting CVar [[r.VolumetricFog.GridSizeZ:128]]
[2022.05.18-19.53.08:263][  0]LogConfig: Setting CVar [[r.VolumetricFog.HistoryMissSupersampleCount:4]]
[2022.05.18-19.53.08:263][  0]LogConfig: Setting CVar [[r.LightMaxDrawDistanceScale:1]]
[2022.05.18-19.53.08:263][  0]LogConfig: Setting CVar [[r.CapsuleShadows:1]]
[2022.05.18-19.53.08:263][  0]LogConfig: Applying CVar settings from Section [PostProcessQuality@3] File [C:/Users/destr/Desktop/New folder (7)/Crossy-Road-master 4.27/Saved/Config/Windows/Scalability.ini]
[2022.05.18-19.53.08:263][  0]LogConfig: Setting CVar [[r.MotionBlurQuality:4]]
[2022.05.18-19.53.08:263][  0]LogConfig: Setting CVar [[r.AmbientOcclusionMipLevelFactor:0.4]]
[2022.05.18-19.53.08:263][  0]LogConfig: Setting CVar [[r.AmbientOcclusionMaxQuality:100]]
[2022.05.18-19.53.08:263][  0]LogConfig: Setting CVar [[r.AmbientOcclusionLevels:-1]]
[2022.05.18-19.53.08:263][  0]LogConfig: Setting CVar [[r.AmbientOcclusionRadiusScale:1.0]]
[2022.05.18-19.53.08:263][  0]LogConfig: Setting CVar [[r.DepthOfFieldQuality:2]]
[2022.05.18-19.53.08:263][  0]LogConfig: Setting CVar [[r.RenderTargetPoolMin:400]]
[2022.05.18-19.53.08:263][  0]LogConfig: Setting CVar [[r.LensFlareQuality:2]]
[2022.05.18-19.53.08:263][  0]LogConfig: Setting CVar [[r.SceneColorFringeQuality:1]]
[2022.05.18-19.53.08:263][  0]LogConfig: Setting CVar [[r.EyeAdaptationQuality:2]]
[2022.05.18-19.53.08:263][  0]LogConfig: Setting CVar [[r.BloomQuality:5]]
[2022.05.18-19.53.08:263][  0]LogConfig: Setting CVar [[r.FastBlurThreshold:100]]
[2022.05.18-19.53.08:263][  0]LogConfig: Setting CVar [[r.Upscale.Quality:3]]
[2022.05.18-19.53.08:263][  0]LogConfig: Setting CVar [[r.Tonemapper.GrainQuantization:1]]
[2022.05.18-19.53.08:263][  0]LogConfig: Setting CVar [[r.LightShaftQuality:1]]
[2022.05.18-19.53.08:263][  0]LogConfig: Setting CVar [[r.Filter.SizeScale:1]]
[2022.05.18-19.53.08:263][  0]LogConfig: Setting CVar [[r.Tonemapper.Quality:5]]
[2022.05.18-19.53.08:263][  0]LogConfig: Setting CVar [[r.DOF.Gather.AccumulatorQuality:1        ; higher gathering accumulator quality]]
[2022.05.18-19.53.08:263][  0]LogConfig: Setting CVar [[r.DOF.Gather.PostfilterMethod:1          ; Median3x3 postfilering method]]
[2022.05.18-19.53.08:263][  0]LogConfig: Setting CVar [[r.DOF.Gather.EnableBokehSettings:0       ; no bokeh simulation when gathering]]
[2022.05.18-19.53.08:263][  0]LogConfig: Setting CVar [[r.DOF.Gather.RingCount:4                 ; medium number of samples when gathering]]
[2022.05.18-19.53.08:263][  0]LogConfig: Setting CVar [[r.DOF.Scatter.ForegroundCompositing:1    ; additive foreground scattering]]
[2022.05.18-19.53.08:263][  0]LogConfig: Setting CVar [[r.DOF.Scatter.BackgroundCompositing:2    ; additive background scattering]]
[2022.05.18-19.53.08:264][  0]LogConfig: Setting CVar [[r.DOF.Scatter.EnableBokehSettings:1      ; bokeh simulation when scattering]]
[2022.05.18-19.53.08:264][  0]LogConfig: Setting CVar [[r.DOF.Scatter.MaxSpriteRatio:0.1         ; only a maximum of 10% of scattered bokeh]]
[2022.05.18-19.53.08:264][  0]LogConfig: Setting CVar [[r.DOF.Recombine.Quality:1                ; cheap slight out of focus]]
[2022.05.18-19.53.08:264][  0]LogConfig: Setting CVar [[r.DOF.Recombine.EnableBokehSettings:0    ; no bokeh simulation on slight out of focus]]
[2022.05.18-19.53.08:264][  0]LogConfig: Setting CVar [[r.DOF.TemporalAAQuality:1                ; more stable temporal accumulation]]
[2022.05.18-19.53.08:264][  0]LogConfig: Setting CVar [[r.DOF.Kernel.MaxForegroundRadius:0.025]]
[2022.05.18-19.53.08:264][  0]LogConfig: Setting CVar [[r.DOF.Kernel.MaxBackgroundRadius:0.025]]
[2022.05.18-19.53.08:264][  0]LogConfig: Applying CVar settings from Section [TextureQuality@3] File [C:/Users/destr/Desktop/New folder (7)/Crossy-Road-master 4.27/Saved/Config/Windows/Scalability.ini]
[2022.05.18-19.53.08:264][  0]LogConfig: Setting CVar [[r.Streaming.MipBias:0]]
[2022.05.18-19.53.08:264][  0]LogConfig: Setting CVar [[r.Streaming.AmortizeCPUToGPUCopy:0]]
[2022.05.18-19.53.08:264][  0]LogConfig: Setting CVar [[r.Streaming.MaxNumTexturesToStreamPerFrame:0]]
[2022.05.18-19.53.08:264][  0]LogConfig: Setting CVar [[r.Streaming.Boost:1]]
[2022.05.18-19.53.08:264][  0]LogConfig: Setting CVar [[r.MaxAnisotropy:8]]
[2022.05.18-19.53.08:264][  0]LogConfig: Setting CVar [[r.VT.MaxAnisotropy:8]]
[2022.05.18-19.53.08:264][  0]LogConfig: Setting CVar [[r.Streaming.LimitPoolSizeToVRAM:0]]
[2022.05.18-19.53.08:264][  0]LogConfig: Setting CVar [[r.Streaming.PoolSize:1000]]
[2022.05.18-19.53.08:264][  0]LogConfig: Setting CVar [[r.Streaming.MaxEffectiveScreenSize:0]]
[2022.05.18-19.53.08:264][  0]LogConfig: Applying CVar settings from Section [EffectsQuality@3] File [C:/Users/destr/Desktop/New folder (7)/Crossy-Road-master 4.27/Saved/Config/Windows/Scalability.ini]
[2022.05.18-19.53.08:264][  0]LogConfig: Setting CVar [[r.TranslucencyLightingVolumeDim:64]]
[2022.05.18-19.53.08:264][  0]LogConfig: Setting CVar [[r.RefractionQuality:2]]
[2022.05.18-19.53.08:264][  0]LogConfig: Setting CVar [[r.SSR.Quality:3]]
[2022.05.18-19.53.08:264][  0]LogConfig: Setting CVar [[r.SSR.HalfResSceneColor:0]]
[2022.05.18-19.53.08:264][  0]LogConfig: Setting CVar [[r.SceneColorFormat:4]]
[2022.05.18-19.53.08:264][  0]LogConfig: Setting CVar [[r.DetailMode:2]]
[2022.05.18-19.53.08:264][  0]LogConfig: Setting CVar [[r.TranslucencyVolumeBlur:1]]
[2022.05.18-19.53.08:264][  0]LogConfig: Setting CVar [[r.MaterialQualityLevel:1 ; High quality]]
[2022.05.18-19.53.08:264][  0]LogConfig: Setting CVar [[r.AnisotropicMaterials:1]]
[2022.05.18-19.53.08:264][  0]LogConfig: Setting CVar [[r.SSS.Scale:1]]
[2022.05.18-19.53.08:264][  0]LogConfig: Setting CVar [[r.SSS.SampleSet:2]]
[2022.05.18-19.53.08:264][  0]LogConfig: Setting CVar [[r.SSS.Quality:1]]
[2022.05.18-19.53.08:264][  0]LogConfig: Setting CVar [[r.SSS.HalfRes:0]]
[2022.05.18-19.53.08:264][  0]LogConfig: Setting CVar [[r.SSGI.Quality:3]]
[2022.05.18-19.53.08:264][  0]LogConfig: Setting CVar [[r.EmitterSpawnRateScale:1.0]]
[2022.05.18-19.53.08:264][  0]LogConfig: Setting CVar [[r.ParticleLightQuality:2]]
[2022.05.18-19.53.08:264][  0]LogConfig: Setting CVar [[r.SkyAtmosphere.AerialPerspectiveLUT.FastApplyOnOpaque:1 ; Always have FastSkyLUT 1 in this case to avoid wrong sky]]
[2022.05.18-19.53.08:264][  0]LogConfig: Setting CVar [[r.SkyAtmosphere.AerialPerspectiveLUT.SampleCountMaxPerSlice:4]]
[2022.05.18-19.53.08:264][  0]LogConfig: Setting CVar [[r.SkyAtmosphere.AerialPerspectiveLUT.DepthResolution:16.0]]
[2022.05.18-19.53.08:264][  0]LogConfig: Setting CVar [[r.SkyAtmosphere.FastSkyLUT:1]]
[2022.05.18-19.53.08:264][  0]LogConfig: Setting CVar [[r.SkyAtmosphere.FastSkyLUT.SampleCountMin:4.0]]
[2022.05.18-19.53.08:264][  0]LogConfig: Setting CVar [[r.SkyAtmosphere.FastSkyLUT.SampleCountMax:128.0]]
[2022.05.18-19.53.08:264][  0]LogConfig: Setting CVar [[r.SkyAtmosphere.SampleCountMin:4.0]]
[2022.05.18-19.53.08:264][  0]LogConfig: Setting CVar [[r.SkyAtmosphere.SampleCountMax:128.0]]
[2022.05.18-19.53.08:264][  0]LogConfig: Setting CVar [[r.SkyAtmosphere.TransmittanceLUT.UseSmallFormat:0]]
[2022.05.18-19.53.08:264][  0]LogConfig: Setting CVar [[r.SkyAtmosphere.TransmittanceLUT.SampleCount:10.0]]
[2022.05.18-19.53.08:264][  0]LogConfig: Setting CVar [[r.SkyAtmosphere.MultiScatteringLUT.SampleCount:15.0]]
[2022.05.18-19.53.08:264][  0]LogConfig: Setting CVar [[r.SkyLight.RealTimeReflectionCapture:1]]
[2022.05.18-19.53.08:264][  0]LogConfig: Applying CVar settings from Section [FoliageQuality@3] File [C:/Users/destr/Desktop/New folder (7)/Crossy-Road-master 4.27/Saved/Config/Windows/Scalability.ini]
[2022.05.18-19.53.08:264][  0]LogConfig: Setting CVar [[foliage.DensityScale:1.0]]
[2022.05.18-19.53.08:264][  0]LogConfig: Setting CVar [[grass.DensityScale:1.0]]
[2022.05.18-19.53.08:264][  0]LogConfig: Applying CVar settings from Section [ShadingQuality@3] File [C:/Users/destr/Desktop/New folder (7)/Crossy-Road-master 4.27/Saved/Config/Windows/Scalability.ini]
[2022.05.18-19.53.08:264][  0]LogConfig: Setting CVar [[r.HairStrands.SkyLighting.IntegrationType:2]]
[2022.05.18-19.53.08:264][  0]LogConfig: Setting CVar [[r.HairStrands.SkyAO.SampleCount:4]]
[2022.05.18-19.53.08:264][  0]LogConfig: Setting CVar [[r.HairStrands.Visibility.MSAA.SamplePerPixel:4]]
[2022.05.18-19.53.08:264][  0]LogInit: Selected Device Profile: [Windows]
[2022.05.18-19.53.08:264][  0]LogInit: Applying CVar settings loaded from the selected device profile: [Windows]
[2022.05.18-19.53.08:264][  0]LogHAL: Display: Platform has ~ 16 GB [17108578304 / 17179869184 / 16], which maps to Larger [LargestMinGB=32, LargerMinGB=12, DefaultMinGB=8, SmallerMinGB=6, SmallestMinGB=0)
[2022.05.18-19.53.08:264][  0]LogInit: Going up to parent DeviceProfile []
[2022.05.18-19.53.08:264][  0]LogConfig: Applying CVar settings from Section [ViewDistanceQuality@3] File [C:/Users/destr/Desktop/New folder (7)/Crossy-Road-master 4.27/Saved/Config/Windows/Scalability.ini]
[2022.05.18-19.53.08:264][  0]LogConfig: Setting CVar [[r.SkeletalMeshLODBias:0]]
[2022.05.18-19.53.08:264][  0]LogConfig: Setting CVar [[r.ViewDistanceScale:1.0]]
[2022.05.18-19.53.08:264][  0]LogConfig: Applying CVar settings from Section [AntiAliasingQuality@3] File [C:/Users/destr/Desktop/New folder (7)/Crossy-Road-master 4.27/Saved/Config/Windows/Scalability.ini]
[2022.05.18-19.53.08:264][  0]LogConfig: Setting CVar [[r.PostProcessAAQuality:4]]
[2022.05.18-19.53.08:264][  0]LogConfig: Applying CVar settings from Section [ShadowQuality@3] File [C:/Users/destr/Desktop/New folder (7)/Crossy-Road-master 4.27/Saved/Config/Windows/Scalability.ini]
[2022.05.18-19.53.08:264][  0]LogConfig: Setting CVar [[r.LightFunctionQuality:1]]
[2022.05.18-19.53.08:264][  0]LogConfig: Setting CVar [[r.ShadowQuality:5]]
[2022.05.18-19.53.08:264][  0]LogConfig: Setting CVar [[r.Shadow.CSM.MaxCascades:10]]
[2022.05.18-19.53.08:264][  0]LogConfig: Setting CVar [[r.Shadow.MaxResolution:2048]]
[2022.05.18-19.53.08:264][  0]LogConfig: Setting CVar [[r.Shadow.MaxCSMResolution:2048]]
[2022.05.18-19.53.08:265][  0]LogConfig: Setting CVar [[r.Shadow.RadiusThreshold:0.01]]
[2022.05.18-19.53.08:265][  0]LogConfig: Setting CVar [[r.Shadow.DistanceScale:1.0]]
[2022.05.18-19.53.08:265][  0]LogConfig: Setting CVar [[r.Shadow.CSM.TransitionScale:1.0]]
[2022.05.18-19.53.08:265][  0]LogConfig: Setting CVar [[r.Shadow.PreShadowResolutionFactor:1.0]]
[2022.05.18-19.53.08:265][  0]LogConfig: Setting CVar [[r.DistanceFieldShadowing:1]]
[2022.05.18-19.53.08:265][  0]LogConfig: Setting CVar [[r.DistanceFieldAO:1]]
[2022.05.18-19.53.08:265][  0]LogConfig: Setting CVar [[r.AOQuality:2]]
[2022.05.18-19.53.08:265][  0]LogConfig: Setting CVar [[r.VolumetricFog:1]]
[2022.05.18-19.53.08:265][  0]LogConfig: Setting CVar [[r.VolumetricFog.GridPixelSize:8]]
[2022.05.18-19.53.08:265][  0]LogConfig: Setting CVar [[r.VolumetricFog.GridSizeZ:128]]
[2022.05.18-19.53.08:265][  0]LogConfig: Setting CVar [[r.VolumetricFog.HistoryMissSupersampleCount:4]]
[2022.05.18-19.53.08:265][  0]LogConfig: Setting CVar [[r.LightMaxDrawDistanceScale:1]]
[2022.05.18-19.53.08:265][  0]LogConfig: Setting CVar [[r.CapsuleShadows:1]]
[2022.05.18-19.53.08:265][  0]LogConfig: Applying CVar settings from Section [PostProcessQuality@3] File [C:/Users/destr/Desktop/New folder (7)/Crossy-Road-master 4.27/Saved/Config/Windows/Scalability.ini]
[2022.05.18-19.53.08:265][  0]LogConfig: Setting CVar [[r.MotionBlurQuality:4]]
[2022.05.18-19.53.08:265][  0]LogConfig: Setting CVar [[r.AmbientOcclusionMipLevelFactor:0.4]]
[2022.05.18-19.53.08:265][  0]LogConfig: Setting CVar [[r.AmbientOcclusionMaxQuality:100]]
[2022.05.18-19.53.08:265][  0]LogConfig: Setting CVar [[r.AmbientOcclusionLevels:-1]]
[2022.05.18-19.53.08:265][  0]LogConfig: Setting CVar [[r.AmbientOcclusionRadiusScale:1.0]]
[2022.05.18-19.53.08:265][  0]LogConfig: Setting CVar [[r.DepthOfFieldQuality:2]]
[2022.05.18-19.53.08:265][  0]LogConfig: Setting CVar [[r.RenderTargetPoolMin:400]]
[2022.05.18-19.53.08:265][  0]LogConfig: Setting CVar [[r.LensFlareQuality:2]]
[2022.05.18-19.53.08:265][  0]LogConfig: Setting CVar [[r.SceneColorFringeQuality:1]]
[2022.05.18-19.53.08:265][  0]LogConfig: Setting CVar [[r.EyeAdaptationQuality:2]]
[2022.05.18-19.53.08:265][  0]LogConfig: Setting CVar [[r.BloomQuality:5]]
[2022.05.18-19.53.08:265][  0]LogConfig: Setting CVar [[r.FastBlurThreshold:100]]
[2022.05.18-19.53.08:265][  0]LogConfig: Setting CVar [[r.Upscale.Quality:3]]
[2022.05.18-19.53.08:265][  0]LogConfig: Setting CVar [[r.Tonemapper.GrainQuantization:1]]
[2022.05.18-19.53.08:265][  0]LogConfig: Setting CVar [[r.LightShaftQuality:1]]
[2022.05.18-19.53.08:265][  0]LogConfig: Setting CVar [[r.Filter.SizeScale:1]]
[2022.05.18-19.53.08:265][  0]LogConfig: Setting CVar [[r.Tonemapper.Quality:5]]
[2022.05.18-19.53.08:265][  0]LogConfig: Setting CVar [[r.DOF.Gather.AccumulatorQuality:1        ; higher gathering accumulator quality]]
[2022.05.18-19.53.08:265][  0]LogConfig: Setting CVar [[r.DOF.Gather.PostfilterMethod:1          ; Median3x3 postfilering method]]
[2022.05.18-19.53.08:265][  0]LogConfig: Setting CVar [[r.DOF.Gather.EnableBokehSettings:0       ; no bokeh simulation when gathering]]
[2022.05.18-19.53.08:265][  0]LogConfig: Setting CVar [[r.DOF.Gather.RingCount:4                 ; medium number of samples when gathering]]
[2022.05.18-19.53.08:265][  0]LogConfig: Setting CVar [[r.DOF.Scatter.ForegroundCompositing:1    ; additive foreground scattering]]
[2022.05.18-19.53.08:265][  0]LogConfig: Setting CVar [[r.DOF.Scatter.BackgroundCompositing:2    ; additive background scattering]]
[2022.05.18-19.53.08:265][  0]LogConfig: Setting CVar [[r.DOF.Scatter.EnableBokehSettings:1      ; bokeh simulation when scattering]]
[2022.05.18-19.53.08:265][  0]LogConfig: Setting CVar [[r.DOF.Scatter.MaxSpriteRatio:0.1         ; only a maximum of 10% of scattered bokeh]]
[2022.05.18-19.53.08:265][  0]LogConfig: Setting CVar [[r.DOF.Recombine.Quality:1                ; cheap slight out of focus]]
[2022.05.18-19.53.08:265][  0]LogConfig: Setting CVar [[r.DOF.Recombine.EnableBokehSettings:0    ; no bokeh simulation on slight out of focus]]
[2022.05.18-19.53.08:265][  0]LogConfig: Setting CVar [[r.DOF.TemporalAAQuality:1                ; more stable temporal accumulation]]
[2022.05.18-19.53.08:265][  0]LogConfig: Setting CVar [[r.DOF.Kernel.MaxForegroundRadius:0.025]]
[2022.05.18-19.53.08:265][  0]LogConfig: Setting CVar [[r.DOF.Kernel.MaxBackgroundRadius:0.025]]
[2022.05.18-19.53.08:265][  0]LogConfig: Applying CVar settings from Section [TextureQuality@3] File [C:/Users/destr/Desktop/New folder (7)/Crossy-Road-master 4.27/Saved/Config/Windows/Scalability.ini]
[2022.05.18-19.53.08:265][  0]LogConfig: Setting CVar [[r.Streaming.MipBias:0]]
[2022.05.18-19.53.08:265][  0]LogConfig: Setting CVar [[r.Streaming.AmortizeCPUToGPUCopy:0]]
[2022.05.18-19.53.08:265][  0]LogConfig: Setting CVar [[r.Streaming.MaxNumTexturesToStreamPerFrame:0]]
[2022.05.18-19.53.08:265][  0]LogConfig: Setting CVar [[r.Streaming.Boost:1]]
[2022.05.18-19.53.08:265][  0]LogConfig: Setting CVar [[r.MaxAnisotropy:8]]
[2022.05.18-19.53.08:265][  0]LogConfig: Setting CVar [[r.VT.MaxAnisotropy:8]]
[2022.05.18-19.53.08:265][  0]LogConfig: Setting CVar [[r.Streaming.LimitPoolSizeToVRAM:0]]
[2022.05.18-19.53.08:265][  0]LogConfig: Setting CVar [[r.Streaming.PoolSize:1000]]
[2022.05.18-19.53.08:265][  0]LogConfig: Setting CVar [[r.Streaming.MaxEffectiveScreenSize:0]]
[2022.05.18-19.53.08:265][  0]LogConfig: Applying CVar settings from Section [EffectsQuality@3] File [C:/Users/destr/Desktop/New folder (7)/Crossy-Road-master 4.27/Saved/Config/Windows/Scalability.ini]
[2022.05.18-19.53.08:265][  0]LogConfig: Setting CVar [[r.TranslucencyLightingVolumeDim:64]]
[2022.05.18-19.53.08:265][  0]LogConfig: Setting CVar [[r.RefractionQuality:2]]
[2022.05.18-19.53.08:265][  0]LogConfig: Setting CVar [[r.SSR.Quality:3]]
[2022.05.18-19.53.08:265][  0]LogConfig: Setting CVar [[r.SSR.HalfResSceneColor:0]]
[2022.05.18-19.53.08:265][  0]LogConfig: Setting CVar [[r.SceneColorFormat:4]]
[2022.05.18-19.53.08:265][  0]LogConfig: Setting CVar [[r.DetailMode:2]]
[2022.05.18-19.53.08:265][  0]LogConfig: Setting CVar [[r.TranslucencyVolumeBlur:1]]
[2022.05.18-19.53.08:265][  0]LogConfig: Setting CVar [[r.MaterialQualityLevel:1 ; High quality]]
[2022.05.18-19.53.08:265][  0]LogConfig: Setting CVar [[r.AnisotropicMaterials:1]]
[2022.05.18-19.53.08:265][  0]LogConfig: Setting CVar [[r.SSS.Scale:1]]
[2022.05.18-19.53.08:265][  0]LogConfig: Setting CVar [[r.SSS.SampleSet:2]]
[2022.05.18-19.53.08:265][  0]LogConfig: Setting CVar [[r.SSS.Quality:1]]
[2022.05.18-19.53.08:265][  0]LogConfig: Setting CVar [[r.SSS.HalfRes:0]]
[2022.05.18-19.53.08:265][  0]LogConfig: Setting CVar [[r.SSGI.Quality:3]]
[2022.05.18-19.53.08:265][  0]LogConfig: Setting CVar [[r.EmitterSpawnRateScale:1.0]]
[2022.05.18-19.53.08:265][  0]LogConfig: Setting CVar [[r.ParticleLightQuality:2]]
[2022.05.18-19.53.08:266][  0]LogConfig: Setting CVar [[r.SkyAtmosphere.AerialPerspectiveLUT.FastApplyOnOpaque:1 ; Always have FastSkyLUT 1 in this case to avoid wrong sky]]
[2022.05.18-19.53.08:266][  0]LogConfig: Setting CVar [[r.SkyAtmosphere.AerialPerspectiveLUT.SampleCountMaxPerSlice:4]]
[2022.05.18-19.53.08:266][  0]LogConfig: Setting CVar [[r.SkyAtmosphere.AerialPerspectiveLUT.DepthResolution:16.0]]
[2022.05.18-19.53.08:266][  0]LogConfig: Setting CVar [[r.SkyAtmosphere.FastSkyLUT:1]]
[2022.05.18-19.53.08:266][  0]LogConfig: Setting CVar [[r.SkyAtmosphere.FastSkyLUT.SampleCountMin:4.0]]
[2022.05.18-19.53.08:266][  0]LogConfig: Setting CVar [[r.SkyAtmosphere.FastSkyLUT.SampleCountMax:128.0]]
[2022.05.18-19.53.08:266][  0]LogConfig: Setting CVar [[r.SkyAtmosphere.SampleCountMin:4.0]]
[2022.05.18-19.53.08:266][  0]LogConfig: Setting CVar [[r.SkyAtmosphere.SampleCountMax:128.0]]
[2022.05.18-19.53.08:266][  0]LogConfig: Setting CVar [[r.SkyAtmosphere.TransmittanceLUT.UseSmallFormat:0]]
[2022.05.18-19.53.08:266][  0]LogConfig: Setting CVar [[r.SkyAtmosphere.TransmittanceLUT.SampleCount:10.0]]
[2022.05.18-19.53.08:266][  0]LogConfig: Setting CVar [[r.SkyAtmosphere.MultiScatteringLUT.SampleCount:15.0]]
[2022.05.18-19.53.08:266][  0]LogConfig: Setting CVar [[r.SkyLight.RealTimeReflectionCapture:1]]
[2022.05.18-19.53.08:266][  0]LogConfig: Applying CVar settings from Section [FoliageQuality@3] File [C:/Users/destr/Desktop/New folder (7)/Crossy-Road-master 4.27/Saved/Config/Windows/Scalability.ini]
[2022.05.18-19.53.08:266][  0]LogConfig: Setting CVar [[foliage.DensityScale:1.0]]
[2022.05.18-19.53.08:266][  0]LogConfig: Setting CVar [[grass.DensityScale:1.0]]
[2022.05.18-19.53.08:266][  0]LogConfig: Applying CVar settings from Section [ShadingQuality@3] File [C:/Users/destr/Desktop/New folder (7)/Crossy-Road-master 4.27/Saved/Config/Windows/Scalability.ini]
[2022.05.18-19.53.08:266][  0]LogConfig: Setting CVar [[r.HairStrands.SkyLighting.IntegrationType:2]]
[2022.05.18-19.53.08:266][  0]LogConfig: Setting CVar [[r.HairStrands.SkyAO.SampleCount:4]]
[2022.05.18-19.53.08:266][  0]LogConfig: Setting CVar [[r.HairStrands.Visibility.MSAA.SamplePerPixel:4]]
[2022.05.18-19.53.08:266][  0]LogConfig: Applying CVar settings from Section [Startup] File [../../../Engine/Config/ConsoleVariables.ini]
[2022.05.18-19.53.08:267][  0]LogConfig: Setting CVar [[net.UseAdaptiveNetUpdateFrequency:0]]
[2022.05.18-19.53.08:267][  0]LogConfig: Setting CVar [[p.chaos.AllowCreatePhysxBodies:1]]
[2022.05.18-19.53.08:267][  0]LogConfig: Setting CVar [[fx.SkipVectorVMBackendOptimizations:1]]
[2022.05.18-19.53.08:267][  0]LogConfig: Applying CVar settings from Section [ConsoleVariables] File [C:/Users/destr/Desktop/New folder (7)/Crossy-Road-master 4.27/Saved/Config/Windows/Engine.ini]
[2022.05.18-19.53.08:267][  0]LogConfig: Applying CVar settings from Section [ConsoleVariables] File [C:/Users/destr/Desktop/New folder (7)/Crossy-Road-master 4.27/Saved/Config/Windows/Editor.ini]
[2022.05.18-19.53.08:267][  0]LogInit: Computer: DESKTOP-CI1F24I
[2022.05.18-19.53.08:267][  0]LogInit: User: destr
[2022.05.18-19.53.08:267][  0]LogInit: CPU Page size=4096, Cores=4
[2022.05.18-19.53.08:267][  0]LogInit: High frequency timer resolution =10.000000 MHz
[2022.05.18-19.53.08:267][  0]LogMemory: Memory total: Physical=15.9GB (16GB approx)
[2022.05.18-19.53.08:267][  0]LogMemory: Platform Memory Stats for Windows
[2022.05.18-19.53.08:267][  0]LogMemory: Process Physical Memory: 140.06 MB used, 140.07 MB peak
[2022.05.18-19.53.08:267][  0]LogMemory: Process Virtual Memory: 110.34 MB used, 110.34 MB peak
[2022.05.18-19.53.08:267][  0]LogMemory: Physical Memory: 7931.11 MB used,  8384.90 MB free, 16316.01 MB total
[2022.05.18-19.53.08:267][  0]LogMemory: Virtual Memory: 134209880.00 MB used,  7845.53 MB free, 134217728.00 MB total
[2022.05.18-19.53.08:273][  0]LogWindows: WindowsPlatformFeatures enabled
[2022.05.18-19.53.08:333][  0]LogInit: Physics initialised using underlying interface: PhysX
[2022.05.18-19.53.08:334][  0]LogInit: Using OS detected language (en-US).
[2022.05.18-19.53.08:334][  0]LogInit: Using OS detected locale (en-US).
[2022.05.18-19.53.08:343][  0]LogTextLocalizationManager: No specific localization for 'en-US' exists, so the 'en' localization will be used.
[2022.05.18-19.53.08:558][  0]LogWindowsTextInputMethodSystem: Display: IME system deactivated.
[2022.05.18-19.53.08:599][  0]LogSlate: New Slate User Created.  User Index 0, Is Virtual User: 0
[2022.05.18-19.53.08:599][  0]LogSlate: Slate User Registered.  User Index 0, Is Virtual User: 0
[2022.05.18-19.53.08:639][  0]LogD3D11RHI: Loaded GFSDK_Aftermath_Lib.x64.dll
[2022.05.18-19.53.08:642][  0]LogHMD: Failed to initialize OpenVR with code 110
[2022.05.18-19.53.08:642][  0]LogD3D11RHI: D3D11 min allowed feature level: 11_0
[2022.05.18-19.53.08:642][  0]LogD3D11RHI: D3D11 max allowed feature level: 11_0
[2022.05.18-19.53.08:642][  0]LogD3D11RHI: D3D11 adapters:
[2022.05.18-19.53.08:750][  0]LogD3D11RHI:    0. 'NVIDIA GeForce GTX 1060 3GB' (Feature Level 11_0)
[2022.05.18-19.53.08:750][  0]LogD3D11RHI:       2988/0/8158 MB DedicatedVideo/DedicatedSystem/SharedSystem, Outputs:1, VendorId:0x10de
[2022.05.18-19.53.08:754][  0]LogD3D11RHI:    1. 'Microsoft Basic Render Driver' (Feature Level 11_0)
[2022.05.18-19.53.08:754][  0]LogD3D11RHI:       0/0/8158 MB DedicatedVideo/DedicatedSystem/SharedSystem, Outputs:0, VendorId:0x1414
[2022.05.18-19.53.08:754][  0]LogD3D11RHI: Chosen D3D11 Adapter:
[2022.05.18-19.53.08:754][  0]LogD3D11RHI:     Description : NVIDIA GeForce GTX 1060 3GB
[2022.05.18-19.53.08:754][  0]LogD3D11RHI:     VendorId    : 10de
[2022.05.18-19.53.08:754][  0]LogD3D11RHI:     DeviceId    : 1c02
[2022.05.18-19.53.08:754][  0]LogD3D11RHI:     SubSysId    : 8c951462
[2022.05.18-19.53.08:754][  0]LogD3D11RHI:     Revision    : 00a1
[2022.05.18-19.53.08:754][  0]LogD3D11RHI:     DedicatedVideoMemory : 3133145088 bytes
[2022.05.18-19.53.08:754][  0]LogD3D11RHI:     DedicatedSystemMemory : 0 bytes
[2022.05.18-19.53.08:754][  0]LogD3D11RHI:     SharedSystemMemory : 8554289152 bytes
[2022.05.18-19.53.08:754][  0]LogD3D11RHI:     AdapterLuid : 0 56147
[2022.05.18-19.53.08:765][  0]LogD3D11RHI: Creating new Direct3DDevice
[2022.05.18-19.53.08:765][  0]LogD3D11RHI:     GPU DeviceId: 0x1c02 (for the marketing name, search the web for "GPU Device Id")
[2022.05.18-19.53.08:765][  0]LogWindows: EnumDisplayDevices:
[2022.05.18-19.53.08:765][  0]LogWindows:    0. 'NVIDIA GeForce GTX 1060 3GB' (P:1 D:1)
[2022.05.18-19.53.08:765][  0]LogWindows:    1. 'NVIDIA GeForce GTX 1060 3GB' (P:0 D:0)
[2022.05.18-19.53.08:766][  0]LogWindows:    2. 'NVIDIA GeForce GTX 1060 3GB' (P:0 D:0)
[2022.05.18-19.53.08:766][  0]LogWindows:    3. 'NVIDIA GeForce GTX 1060 3GB' (P:0 D:0)
[2022.05.18-19.53.08:766][  0]LogWindows: DebugString: FoundDriverCount:4 
[2022.05.18-19.53.08:766][  0]LogD3D11RHI:     Adapter Name: NVIDIA GeForce GTX 1060 3GB
[2022.05.18-19.53.08:766][  0]LogD3D11RHI:   Driver Version: 456.71 (internal:27.21.14.5671, unified:456.71)
[2022.05.18-19.53.08:766][  0]LogD3D11RHI:      Driver Date: 9-30-2020
[2022.05.18-19.53.08:766][  0]LogRHI: Texture pool is 2091 MB (70% of 2988 MB)
[2022.05.18-19.53.08:766][  0]LogD3D11RHI: Creating D3DDevice using adapter:
[2022.05.18-19.53.08:767][  0]LogD3D11RHI:     Description : NVIDIA GeForce GTX 1060 3GB
[2022.05.18-19.53.08:767][  0]LogD3D11RHI:     VendorId    : 10de
[2022.05.18-19.53.08:767][  0]LogD3D11RHI:     DeviceId    : 1c02
[2022.05.18-19.53.08:767][  0]LogD3D11RHI:     SubSysId    : 8c951462
[2022.05.18-19.53.08:767][  0]LogD3D11RHI:     Revision    : 00a1
[2022.05.18-19.53.08:767][  0]LogD3D11RHI:     DedicatedVideoMemory : 3133145088 bytes
[2022.05.18-19.53.08:767][  0]LogD3D11RHI:     DedicatedSystemMemory : 0 bytes
[2022.05.18-19.53.08:767][  0]LogD3D11RHI:     SharedSystemMemory : 8554289152 bytes
[2022.05.18-19.53.08:767][  0]LogD3D11RHI:     AdapterLuid : 0 56147
[2022.05.18-19.53.08:832][  0]LogD3D11RHI: RHI has support for 64 bit atomics
[2022.05.18-19.53.08:832][  0]LogD3D11RHI: Async texture creation enabled
[2022.05.18-19.53.08:832][  0]LogD3D11RHI: Array index from any shader is supported
[2022.05.18-19.53.08:862][  0]LogD3D11RHI: GPU Timing Frequency: 1000.000000 (Debug: 2 1)
[2022.05.18-19.53.08:917][  0]LogRHI: GeForceNow SDK initialized: 1
[2022.05.18-19.53.09:333][  0]LogTargetPlatformManager: Display: Loaded TargetPlatform 'WindowsNoEditor'
[2022.05.18-19.53.09:339][  0]LogTargetPlatformManager: Display: Loaded TargetPlatform 'Windows'
[2022.05.18-19.53.09:345][  0]LogTargetPlatformManager: Display: Loaded TargetPlatform 'WindowsClient'
[2022.05.18-19.53.09:351][  0]LogTargetPlatformManager: Display: Loaded TargetPlatform 'WindowsServer'
[2022.05.18-19.53.09:351][  0]LogTargetPlatformManager: Display: Building Assets For Windows
[2022.05.18-19.53.09:361][  0]LogAudioDebug: Display: Lib vorbis DLL was dynamically loaded.
[2022.05.18-19.53.09:424][  0]LogTextureFormatOodle: Display: Oodle Texture 2.9.0 init RDO Off
[2022.05.18-19.53.09:467][  0]LogRendererCore: Ray tracing is disabled. Reason: r.RayTracing=0.
[2022.05.18-19.53.09:467][  0]LogShaderCompilers: Guid format shader working directory is -16 characters bigger than the processId version (C:/Users/destr/Desktop/New folder (7)/Crossy-Road-master 4.27/Intermediate/Shaders/WorkingDirectory/23848/).
[2022.05.18-19.53.09:467][  0]LogShaderCompilers: Cleaned the shader compiler working directory 'C:/Users/destr/AppData/Local/Temp/UnrealShaderWorkingDir/1DDB66134643FBFBBEBBBCB015BF8BD3/'.
[2022.05.18-19.53.09:467][  0]LogXGEController: Cannot use XGE Controller as Incredibuild is not installed on this machine.
[2022.05.18-19.53.09:467][  0]LogShaderCompilers: Cannot use XGE Shader Compiler as Incredibuild is not installed on this machine.
[2022.05.18-19.53.09:467][  0]LogShaderCompilers: Display: Using Local Shader Compiler.
[2022.05.18-19.53.10:462][  0]LogDerivedDataCache: Display: Max Cache Size: 512 MB
[2022.05.18-19.53.10:542][  0]LogDerivedDataCache: Loaded boot cache 0.08s 94MB C:/Users/destr/AppData/Local/UnrealEngine/4.27/DerivedDataCache/Boot.ddc.
[2022.05.18-19.53.10:542][  0]LogDerivedDataCache: Display: Loaded Boot cache: C:/Users/destr/AppData/Local/UnrealEngine/4.27/DerivedDataCache/Boot.ddc
[2022.05.18-19.53.10:542][  0]LogDerivedDataCache: FDerivedDataBackendGraph:  Pak pak cache file C:/Users/destr/Desktop/New folder (7)/Crossy-Road-master 4.27/DerivedDataCache/DDC.ddp not found, will not use a pak cache.
[2022.05.18-19.53.10:542][  0]LogDerivedDataCache: Unable to find inner node Pak for hierarchical cache Hierarchy.
[2022.05.18-19.53.10:542][  0]LogDerivedDataCache: FDerivedDataBackendGraph:  CompressedPak pak cache file C:/Users/destr/Desktop/New folder (7)/Crossy-Road-master 4.27/DerivedDataCache/Compressed.ddp not found, will not use a pak cache.
[2022.05.18-19.53.10:542][  0]LogDerivedDataCache: Unable to find inner node CompressedPak for hierarchical cache Hierarchy.
[2022.05.18-19.53.10:562][  0]LogDerivedDataCache: Display: Pak cache opened for reading ../../../Engine/DerivedDataCache/Compressed.ddp.
[2022.05.18-19.53.10:562][  0]LogDerivedDataCache: FDerivedDataBackendGraph:  EnterprisePak pak cache file ../../../Enterprise/DerivedDataCache/Compressed.ddp not found, will not use a pak cache.
[2022.05.18-19.53.10:562][  0]LogDerivedDataCache: Unable to find inner node EnterprisePak for hierarchical cache Hierarchy.
[2022.05.18-19.53.10:575][  0]LogDerivedDataCache: Speed tests for C:/Users/destr/AppData/Local/UnrealEngine/Common/DerivedDataCache took 0.01 seconds
[2022.05.18-19.53.10:575][  0]LogDerivedDataCache: Display: Performance to C:/Users/destr/AppData/Local/UnrealEngine/Common/DerivedDataCache: Latency=0.03ms. RandomReadSpeed=161.26MBs, RandomWriteSpeed=127.05MBs. Assigned SpeedClass 'Local'
[2022.05.18-19.53.10:576][  0]LogDerivedDataCache: Using Local data cache path C:/Users/destr/AppData/Local/UnrealEngine/Common/DerivedDataCache: Writable
[2022.05.18-19.53.10:576][  0]LogDerivedDataCache: Shared data cache path not found in *engine.ini, will not use an Shared cache.
[2022.05.18-19.53.10:576][  0]LogDerivedDataCache: Unable to find inner node Shared for hierarchical cache Hierarchy.
[2022.05.18-19.53.10:629][  0]LogSlate: Using FreeType 2.10.0
[2022.05.18-19.53.10:630][  0]LogSlate: SlateFontServices - WITH_FREETYPE: 1, WITH_HARFBUZZ: 1
[2022.05.18-19.53.10:726][  0]LogInit: Using OS detected language (en-US).
[2022.05.18-19.53.10:726][  0]LogInit: Using OS detected locale (en-US).
[2022.05.18-19.53.10:727][  0]LogTextLocalizationManager: No localization for 'en-US' exists, so 'en' will be used for the language.
[2022.05.18-19.53.10:727][  0]LogTextLocalizationManager: No localization for 'en-US' exists, so 'en' will be used for the locale.
[2022.05.18-19.53.10:727][  0]LogSlate: FontCache flush requested. Reason: Culture for localization was changed
[2022.05.18-19.53.10:727][  0]LogSlate: FontCache flush requested. Reason: Culture for localization was changed
[2022.05.18-19.53.10:731][  0]LogTextLocalizationManager: Compacting localization data took   0.01ms
[2022.05.18-19.53.10:731][  0]LogAssetRegistry: FAssetRegistry took 0.0025 seconds to start up
[2022.05.18-19.53.10:917][  0]LogPackageLocalizationCache: Processed 27 localized package path(s) for 1 prioritized culture(s) in 0.001477 seconds
[2022.05.18-19.53.11:000][  0]LogInit: Selected Device Profile: [Windows]
[2022.05.18-19.53.11:000][  0]LogInit: Active device profile: [000002904BFDE800][0000029041770540 49] Windows
[2022.05.18-19.53.11:001][  0]LogInit: Profiles: [000002904BFDE800][0000029041770540 49] Windows, [000002904BFF2F00][00000290417786C0 49] WindowsNoEditor, [000002904BFDF600][000002904177C840 49] WindowsServer, [000002904BFF1B00][0000029045A929C0 49] WindowsClient, [000002904BFDD200][0000029045A96B40 49] IOS, [000002904BFF1000][0000029045A9ACC0 49] iPadAir, [000002904BFDCE00][0000029045A9EE40 49] iPadAir2, [000002904BF92200][0000029045AA7100 49] IPadPro, [000002904BF92300][0000029045AA3140 49] iPadAir3, [000002904BFDFC00][0000029045AAB2C0 49] iPadAir4, [000002904BF92600][0000029041939440 49] iPadMini2, [000002904BFDC500][000002904193D5C0 49] iPadMini3, [000002904BF92800][0000029041775700 49] iPadMini4, [000002904BFDC400][0000029041941840 49] iPadMini5, [000002904C019B00][0000029041949A80 49] iPhone6, [000002904C019C00][0000029041945AC0 49] iPodTouch6, [000002904BF91C00][0000029041954200 49] iPhone7, [000002904BF92900][0000029041950240 49] iPodTouch7, [000002904C01A100][00000290419583C0 49] iPhone5S, [000002904BF91E00][000002904195C540 49] iPhone6Plus, [000002904C01AA00][00000290419606C0 49] iPhone6S, [000002904BF92000][0000029041964840 49] iPhone6SPlus, [000002904C01A900][00000290419689C0 49] iPhone7Plus, [000002904BF91800][000002904196CB40 49] iPhoneSE, [000002904C01BD00][0000029041970CC0 49] iPhone8, [000002904BF93100][0000029041974E40 49] iPhone8Plus, [000002904C01BE00][0000029041978FC0 49] iPhoneX, [000002904BF92B00][000002904197D140 49] iPhoneXS, [000002904C019900][00000290419812C0 49] iPhoneXSMax, [000002904BF91B00][00000290420F3440 49] iPhoneXR, [000002904C01B600][00000290420F75C0 49] iPhone11, [000002904BF92D00][00000290420FB740 49] iPhone11Pro, [000002904C018600][00000290420FF8C0 49] iPhone11ProMax, [000002904BF90A00][000002904194DA00 49] iPhoneSE2, [000002904C018100][0000029042103B40 49] iPhone12Mini, [000002904BF93000][0000029042106100 49] iPhone12, [000002904C01B700][000002904210E280 49] iPhone12Pro, [000002904BF92400][0000029042112400 49] iPhone12ProMax, [000002904C018800][0000029042116580 49] iPadPro105, [000002904BF93500][000002904211A700 49] iPadPro129, [000002904C018D00][000002904211E880 49] iPadPro97, [000002904BF93C00][0000029042122A00 49] iPadPro2_129, [000002904C019300][0000029042126B80 49] iPad5, [000002904BF90400][000002904212AD00 49] iPad6, [000002904C018B00][000002904212EE80 49] iPad7, [000002904BF91400][0000029042133000 49] iPad8, [000002904C01A000][0000029042137180 49] iPadPro11, [000002904BF90900][000002904213B300 49] iPadPro2_11, [000002904C074F00][000002904213F480 49] iPadPro3_129, [000002904BFF0600][0000029042143600 49] iPadPro4_129, [000002904C074300][0000029042147780 49] AppleTV, [000002904BFF2000][000002904214B900 49] AppleTV4K, [000002904C075D00][000002904214FA80 49] TVOS, [000002904BFF2A00][000002904210BBC0 49] Mac, [000002904C074200][0000029042152180 49] MacClient, [000002904C019600][00000290421562C0 49] MacNoEditor, [000002904BF91900][000002904215E440 49] MacServer, [000002904C018C00][00000290421625C0 49] Linux, [000002904BF90D00][0000029042166740 49] LinuxAArch64, [000002904C01AB00][000002904216A8C0 49] LinuxNoEditor, [000002904BF90500][000002904216EA40 49] LinuxAArch64NoEditor, [000002904C01A300][0000029042172BC0 49] LinuxClient, [000002904BF93F00][0000029042176D40 49] LinuxAArch64Client, [000002904C019700][000002904217AEC0 49] LinuxServer, [000002904BF92F00][000002904217F040 49] LinuxAArch64Server, [000002904C01AF00][00000290421831C0 49] Android, [000002904BF90B00][0000029042187340 49] Android_Low, [000002904C019D00][000002904218B4C0 49] Android_Mid, [000002904BF90F00][000002904218F640 49] Android_High, [000002904C01A200][00000290421937C0 49] Android_Default, [000002904BF92A00][0000029042197940 49] Android_Adreno4xx, [000002904C01B800][000002904219BAC0 49] Android_Adreno5xx_Low, [000002904BF93600][000002904219E0C0 49] Android_Adreno5xx, [000002904C01A400][000002904215A200 49] Android_Adreno6xx, [000002904BF91300][00000290421A2340 49] Android_Adreno6xx_Vulkan, [000002904C075700][00000290421A6480 49] Android_Mali_T6xx, [000002904BF93E00][00000290421AA5C0 49] Android_Mali_T7xx, [000002904C075A00][00000290421B2740 49] Android_Mali_T8xx, [000002904BF93700][00000290421B68C0 49] Android_Mali_G71, [000002904C074A00][00000290421BAA40 49] Android_Mali_G72, [000002904BF91600][00000290421BEBC0 49] Android_Mali_G72_Vulkan, [000002904C074E00][00000290421C2D40 49] Android_Mali_G76, [000002904BF92500][00000290421C6EC0 49] Android_Mali_G76_Vulkan, [000002904C019A00][00000290421CB040 49] Android_Mali_G77, [000002904BF93D00][00000290421CF1C0 49] Android_Mali_G77_Vulkan, [000002904C018A00][00000290421D3340 49] Android_Mali_G78, [000002904BF92C00][00000290421D74C0 49] Android_Mali_G78_Vulkan, [000002904C018700][00000290421DB640 49] Android_Mali_G710, [000002904BF93300][00000290421DF7C0 49] Android_Mali_G710_Vulkan, [000002904C01AE00][00000290421E3940 49] Android_Vulkan_SM5, [000002904BF93900][00000290421E7AC0 49] Android_PowerVR_G6xxx, [000002904C01B900][00000290421EA0C0 49] Android_PowerVR_GT7xxx, [000002904BF92100][00000290421EE240 49] Android_PowerVR_GE8xxx, [000002904C018200][00000290421AE380 49] Android_PowerVR_GM9xxx, [000002904BF91200][00000290421F24C0 49] Android_PowerVR_GM9xxx_Vulkan, [000002904C01AD00][00000290421F6600 49] Android_TegraK1, [000002904BFF0D00][00000290421FA740 49] Android_Unknown_Vulkan, [000002904C018900][00000290422028C0 49] Lumin, [000002904BFF1800][0000029042206A40 49] Lumin_Desktop, [000002904C019800][000002904220ABC0 49] HoloLens, 
[2022.05.18-19.53.11:056][  0]LogMeshReduction: Using QuadricMeshReduction for automatic static mesh reduction
[2022.05.18-19.53.11:056][  0]LogMeshReduction: Using SimplygonMeshReduction for automatic skeletal mesh reduction
[2022.05.18-19.53.11:056][  0]LogMeshReduction: Using ProxyLODMeshReduction for automatic mesh merging
[2022.05.18-19.53.11:056][  0]LogMeshReduction: No distributed automatic mesh merging module available
[2022.05.18-19.53.11:056][  0]LogMeshMerging: No distributed automatic mesh merging module available
[2022.05.18-19.53.11:206][  0]LogNetVersion: CrossyRoad 1.0.0, NetCL: 17155196, EngineNetVer: 17, GameNetVer: 0 (Checksum: 3129077511)
[2022.05.18-19.53.11:515][  0]LogTexture: Default maximum texture size for cubemaps generated from long-lat sources has been changed from 512 to unlimited. In order to preserve old behaiour for '/Engine/MapTemplates/Sky/DaylightAmbientCubemap.DaylightAmbientCubemap', its maximum texture size has been explicitly set to 512.
[2022.05.18-19.53.11:583][  0]LogHMD: PokeAHoleMaterial loaded successfully
[2022.05.18-19.53.11:750][  0]LogMoviePlayer: Initializing movie player
[2022.05.18-19.53.11:862][  0]LogNiagaraDebuggerClient: Niagara Debugger Client Initialized | Session: 701D8EC7484869EBC8EF75BD5984CD22 | Instance: 67C012734BF1CDD76A74BAA99720FCB3 (DESKTOP-CI1F24I-23848).
[2022.05.18-19.53.11:886][  0]LogCollectionManager: Loaded 0 collections in 0.002586 seconds
[2022.05.18-19.53.11:888][  0]LogFileCache: Scanning file cache for directory 'C:/Users/destr/Desktop/New folder (7)/Crossy-Road-master 4.27/Saved/Collections/' took 0.00s
[2022.05.18-19.53.11:888][  0]LogFileCache: Scanning file cache for directory 'C:/Users/destr/Desktop/New folder (7)/Crossy-Road-master 4.27/Content/Developers/destr/Collections/' took 0.00s
[2022.05.18-19.53.11:888][  0]LogCollectionManager: Fixed up redirectors for 0 collections in 0.000002 seconds (updated 0 objects)
[2022.05.18-19.53.11:923][  0]LogFileCache: Scanning file cache for directory 'C:/Users/destr/Desktop/New folder (7)/Crossy-Road-master 4.27/Content/Collections/' took 0.00s
[2022.05.18-19.53.11:923][  0]LogPython: Using Python 3.7.7
[2022.05.18-19.53.12:664][  0]LogTcpMessaging: Initializing TcpMessaging bridge
[2022.05.18-19.53.12:669][  0]LogUdpMessaging: Initializing bridge on interface 0.0.0.0:0 to multicast group 230.0.0.1:6666.
[2022.05.18-19.53.12:820][  0]SourceControl: Source control is disabled
[2022.05.18-19.53.12:820][  0]SourceControl: Source control is disabled
[2022.05.18-19.53.12:825][  0]SourceControl: Source control is disabled
[2022.05.18-19.53.12:832][  0]LogUProjectInfo: Found projects:
[2022.05.18-19.53.12:844][  0]LogVSAccessor: Display: Unable to create Visual Studio setup instance: 80040154
[2022.05.18-19.53.12:845][  0]LogVSAccessor: Display: Unable to create Visual Studio setup instance: 80040154
[2022.05.18-19.53.12:845][  0]LogVSAccessor: Display: Unable to create Visual Studio setup instance: 80040154
[2022.05.18-19.53.12:944][  0]LogOpenImageDenoise: OIDN starting up
[2022.05.18-19.53.12:990][  0]LogAndroidPermission: UAndroidPermissionCallbackProxy::GetInstance
[2022.05.18-19.53.13:020][  0]LogAudioCaptureCore: Display: No Audio Capture implementations found. Audio input will be silent.
[2022.05.18-19.53.13:020][  0]LogAudioCaptureCore: Display: No Audio Capture implementations found. Audio input will be silent.
[2022.05.18-19.53.13:106][  0]LogOcInput: OculusInput pre-init called
[2022.05.18-19.53.13:114][  0]LogUObjectArray: 22117 objects as part of root set at end of initial load.
[2022.05.18-19.53.13:114][  0]LogUObjectAllocator: 5974064 out of 0 bytes used by permanent object pool.
[2022.05.18-19.53.13:114][  0]LogUObjectArray: CloseDisregardForGC: 0/0 objects in disregard for GC pool
[2022.05.18-19.53.13:165][  0]LogEngine: Initializing Engine...
[2022.05.18-19.53.13:167][  0]LogHMD: Failed to enumerate extensions. Please check that you have a valid OpenXR runtime installed.
[2022.05.18-19.53.13:168][  0]LogHMD: Failed to initialize OpenVR with code 110
[2022.05.18-19.53.13:168][  0]LogMagicLeap: Warning: VR disabled because ZI is not enabled.  To enable, in the editor, Edit -> Project Settings -> Plugins -> Magic Leap Plugin -> Enable Zero Iteration
[2022.05.18-19.53.13:169][  0]LogStats: UGameplayTagsManager::InitializeManager -  0.000 s
[2022.05.18-19.53.13:294][  0]LogInit: Initializing FReadOnlyCVARCache
[2022.05.18-19.53.13:294][  0]LogAudio: Display: Initializing Audio Device Manager...
[2022.05.18-19.53.13:298][  0]LogAudio: Display: Loading Default Audio Settings Objects...
[2022.05.18-19.53.13:299][  0]LogAudio: Display: No default SoundConcurrencyObject specified (or failed to load).
[2022.05.18-19.53.13:300][  0]LogAudio: Display: Audio Device Manager Initialized
[2022.05.18-19.53.13:300][  0]LogAudio: Display: Creating Audio Device:                 Id: 1, Scope: Shared, Realtime: True
[2022.05.18-19.53.13:300][  0]LogAudioMixer: Display: Audio Mixer Platform Settings:
[2022.05.18-19.53.13:300][  0]LogAudioMixer: Display: 	Sample Rate:						  48000
[2022.05.18-19.53.13:300][  0]LogAudioMixer: Display: 	Callback Buffer Frame Size Requested: 1024
[2022.05.18-19.53.13:300][  0]LogAudioMixer: Display: 	Callback Buffer Frame Size To Use:	  1024
[2022.05.18-19.53.13:300][  0]LogAudioMixer: Display: 	Number of buffers to queue:			  2
[2022.05.18-19.53.13:300][  0]LogAudioMixer: Display: 	Max Channels (voices):				  32
[2022.05.18-19.53.13:300][  0]LogAudioMixer: Display: 	Number of Async Source Workers:		  0
[2022.05.18-19.53.13:300][  0]LogAudio: Display: AudioDevice MaxSources: 32
[2022.05.18-19.53.13:300][  0]LogAudio: Display: Audio Spatialization Plugin: None (built-in).
[2022.05.18-19.53.13:301][  0]LogAudio: Display: Audio Reverb Plugin: None (built-in).
[2022.05.18-19.53.13:301][  0]LogAudio: Display: Audio Occlusion Plugin: None (built-in).
[2022.05.18-19.53.13:301][  0]LogAudioMixer: Display: Initializing audio mixer.
[2022.05.18-19.53.13:336][  0]LogAudioMixer: Display: 0: FrontLeft
[2022.05.18-19.53.13:336][  0]LogAudioMixer: Display: 1: FrontRight
[2022.05.18-19.53.13:353][  0]LogAudioMixer: Display: Using Audio Device Headset Earphone (Corsair VOID PRO Surround USB Adapter)
[2022.05.18-19.53.13:359][  0]LogAudioMixer: Display: Initializing Sound Submixes...
[2022.05.18-19.53.13:361][  0]LogAudioMixer: Display: Creating Master Submix 'MasterSubmixDefault'
[2022.05.18-19.53.13:361][  0]LogAudioMixer: Display: Creating Master Submix 'MasterReverbSubmixDefault'
[2022.05.18-19.53.13:363][  0]LogAudioMixer: Display: Creating Master Submix 'MasterEQSubmixDefault'
[2022.05.18-19.53.13:363][  0]LogAudioMixer: FMixerPlatformXAudio2::StartAudioStream() called
[2022.05.18-19.53.13:363][  0]LogAudioMixer: Display: Output buffers initialized: Frames=1024, Channels=2, Samples=2048
[2022.05.18-19.53.13:364][  0]LogAudioMixer: Display: Starting AudioMixerPlatformInterface::RunInternal()
[2022.05.18-19.53.13:364][  0]LogAudioMixer: Display: FMixerPlatformXAudio2::SubmitBuffer() called for the first time
[2022.05.18-19.53.13:364][  0]LogInit: FAudioDevice initialized.
[2022.05.18-19.53.13:365][  0]LogNetVersion: Set ProjectVersion to 1.0.0.0. Version Checksum will be recalculated on next use.
[2022.05.18-19.53.13:366][  0]LogInit: Texture streaming: Enabled
[2022.05.18-19.53.13:449][  0]LogAudio: Display: Audio Device (ID: 1) registered with world 'Untitled'.
[2022.05.18-19.53.13:449][  0]LogSlate: Updating window title bar state: overlay mode, drag disabled, window buttons hidden, title bar hidden
[2022.05.18-19.53.13:450][  0]LogInit: Display: Game Engine Initialized.
[2022.05.18-19.53.13:450][  0]LogNiagaraEditor: GEditor isn't valid! Particle reset commands will not work for Niagara components!
[2022.05.18-19.53.13:601][  0]LogInit: Display: Starting Game.
[2022.05.18-19.53.13:601][  0]LogNet: Browse: /Game/CrossyRoad?Name=Player
[2022.05.18-19.53.13:602][  0]LogLoad: LoadMap: /Game/CrossyRoad?Name=Player
[2022.05.18-19.53.13:602][  0]LogWorld: BeginTearingDown for /Temp/Untitled_0
[2022.05.18-19.53.13:603][  0]LogWorld: UWorld::CleanupWorld for Untitled, bSessionEnded=true, bCleanupResources=true
[2022.05.18-19.53.13:603][  0]LogSlate: InvalidateAllWidgets triggered.  All widgets were invalidated
[2022.05.18-19.53.13:608][  0]LogAudio: Display: Audio Device unregistered from world 'None'.
[2022.05.18-19.53.13:610][  0]LogUObjectHash: Compacting FUObjectHashTables data took   0.72ms
[2022.05.18-19.53.14:103][  0]LogAudio: Display: Audio Device (ID: 1) registered with world 'CrossyRoad'.
[2022.05.18-19.53.14:111][  0]LogAIModule: Creating AISystem for world CrossyRoad
[2022.05.18-19.53.14:111][  0]LogLoad: Game class is 'Gamemode_C'
[2022.05.18-19.53.14:113][  0]LogWorld: Bringing World /Game/CrossyRoad.CrossyRoad up for play (max tick rate 0) at 2022.05.18-12.53.14
[2022.05.18-19.53.14:113][  0]LogWorld: Bringing up level for play took: 0.000925
[2022.05.18-19.53.14:147][  0]LogLoad: Took 0.545838 seconds to LoadMap(/Game/CrossyRoad)
[2022.05.18-19.53.14:277][  0]LogSlate: Took 0.000217 seconds to synchronously load lazily loaded font '../../../Engine/Content/Slate/Fonts/Roboto-Regular.ttf' (155K)
[2022.05.18-19.53.14:331][  0]LogRenderer: Reallocating scene render targets to support 1280x720 Format 10 NumSamples 1 (Frame:1).
[2022.05.18-19.53.14:331][  0]LogInit: Display: Engine is initialized. Leaving FEngineLoop::Init()
[2022.05.18-19.53.14:331][  0]LogLoad: (Engine Initialization) Total time: 8.10 seconds
[2022.05.18-19.53.14:331][  0]LogLoad: (Engine Initialization) Total Blueprint compile time: 0.00 seconds
[2022.05.18-19.53.14:359][  0]LogContentStreaming: Texture pool size now 1000 MB
[2022.05.18-19.53.14:364][  0]LogSlate: InvalidateAllWidgets triggered.  All widgets were invalidated
[2022.05.18-19.53.14:460][  1]LogSlate: Took 0.000292 seconds to synchronously load lazily loaded font '../../../Engine/Content/Slate/Fonts/Roboto-Regular.ttf' (155K)
[2022.05.18-19.53.39:258][882]LogSlate: Window 'CrossyRoad (64-bit Development PCD3D_SM5) ' being destroyed
[2022.05.18-19.53.39:259][882]LogWindowsTextInputMethodSystem: Display: IME system deactivated.
[2022.05.18-19.53.39:262][883]LogSlate: Updating window title bar state: overlay mode, drag disabled, window buttons hidden, title bar hidden
[2022.05.18-19.53.39:262][883]LogEngine: All Windows Closed
[2022.05.18-19.53.39:263][883]LogWindows: FPlatformMisc::RequestExit(0)
[2022.05.18-19.53.39:263][883]LogWindows: FPlatformMisc::RequestExitWithStatus(0, 0)
[2022.05.18-19.53.39:263][883]LogCore: Engine exit requested (reason: Win RequestExit)
[2022.05.18-19.53.39:263][884]LogCore: Engine exit requested (reason: EngineExit() was called; note: exit was already requested)
[2022.05.18-19.53.39:263][884]LogInit: Display: PreExit Game.
[2022.05.18-19.53.39:274][884]LogWorld: BeginTearingDown for /Game/CrossyRoad
[2022.05.18-19.53.39:275][884]LogWorld: UWorld::CleanupWorld for CrossyRoad, bSessionEnded=true, bCleanupResources=true
[2022.05.18-19.53.39:277][884]LogSlate: InvalidateAllWidgets triggered.  All widgets were invalidated
[2022.05.18-19.53.40:183][884]LogAudio: Display: Beginning Audio Device Manager Shutdown (Module: AudioMixerXAudio2)...
[2022.05.18-19.53.40:183][884]LogAudio: Display: Destroying 1 Remaining Audio Device(s)...
[2022.05.18-19.53.40:183][884]LogAudio: Display: Audio Device unregistered from world 'CrossyRoad'.
[2022.05.18-19.53.40:214][884]LogAudioMixer: FMixerPlatformXAudio2::StopAudioStream() called
[2022.05.18-19.53.40:214][884]LogAudioMixer: FMixerPlatformXAudio2::StopAudioStream() called
[2022.05.18-19.53.40:217][884]LogAudio: Display: Audio Device Manager Shutdown
[2022.05.18-19.53.40:221][884]LogExit: Preparing to exit.
[2022.05.18-19.53.40:695][884]LogSlate: Updating window title bar state: overlay mode, drag disabled, window buttons hidden, title bar hidden
[2022.05.18-19.53.40:705][884]LogUObjectHash: Compacting FUObjectHashTables data took   1.66ms
